# JRE version: Java(TM) SE Runtime Environment (8.0_191-b12) (build 1.8.0_191-b12)
# Java VM: Java HotSpot(TM) Client VM (25.191-b12 mixed mode windows-x86 )
Heap:
 def new generation   total 96768K, used 6952K [0x05000000, 0x0b900000, 0x0faa0000)
  eden space 86016K,   8% used [0x05000000, 0x056ca3f0, 0x0a400000)
  from space 10752K,   0% used [0x0a400000, 0x0a400000, 0x0ae80000)
  to   space 10752K,   0% used [0x0ae80000, 0x0ae80000, 0x0b900000)
 tenured generation   total 214992K, used 128993K [0x0faa0000, 0x1cc94000, 0x25000000)
   the space 214992K,  59% used [0x0faa0000, 0x17898768, 0x17898800, 0x1cc94000)
 Metaspace       used 23349K, capacity 23872K, committed 24064K, reserved 24960K
GC Heap History (10 events):
Event: 3806.896 GC heap before
{Heap before GC invocations=33 (full 3):
 def new generation   total 95808K, used 90407K [0x05000000, 0x0b7f0000, 0x0faa0000)
  eden space 85184K, 100% used [0x05000000, 0x0a330000, 0x0a330000)
  from space 10624K,  49% used [0x0a330000, 0x0a849d08, 0x0ad90000)
  to   space 10624K,   0% used [0x0ad90000, 0x0ad90000, 0x0b7f0000)
 tenured generation   total 212704K, used 207933K [0x0faa0000, 0x1ca58000, 0x25000000)
   the space 212704K,  97% used [0x0faa0000, 0x1c5af4a0, 0x1c5af600, 0x1ca58000)
 Metaspace       used 23405K, capacity 23949K, committed 24064K, reserved 24960K
Event: 3806.923 GC heap after
Heap after GC invocations=34 (full 3):
 def new generation   total 95808K, used 5086K [0x05000000, 0x0b7f0000, 0x0faa0000)
  eden space 85184K,   0% used [0x05000000, 0x05000000, 0x0a330000)
  from space 10624K,  47% used [0x0ad90000, 0x0b287a10, 0x0b7f0000)
  to   space 10624K,   0% used [0x0a330000, 0x0a330000, 0x0ad90000)
 tenured generation   total 212704K, used 207933K [0x0faa0000, 0x1ca58000, 0x25000000)
   the space 212704K,  97% used [0x0faa0000, 0x1c5af4a0, 0x1c5af600, 0x1ca58000)
 Metaspace       used 23405K, capacity 23949K, committed 24064K, reserved 24960K
}
Event: 3914.548 GC heap before
{Heap before GC invocations=34 (full 3):
 def new generation   total 95808K, used 90270K [0x05000000, 0x0b7f0000, 0x0faa0000)
  eden space 85184K, 100% used [0x05000000, 0x0a330000, 0x0a330000)
  from space 10624K,  47% used [0x0ad90000, 0x0b287a10, 0x0b7f0000)
  to   space 10624K,   0% used [0x0a330000, 0x0a330000, 0x0ad90000)
 tenured generation   total 212704K, used 207933K [0x0faa0000, 0x1ca58000, 0x25000000)
   the space 212704K,  97% used [0x0faa0000, 0x1c5af4a0, 0x1c5af600, 0x1ca58000)
 Metaspace       used 23405K, capacity 23949K, committed 24064K, reserved 24960K
Event: 3914.576 GC heap after
Heap after GC invocations=35 (full 3):
 def new generation   total 95808K, used 5276K [0x05000000, 0x0b7f0000, 0x0faa0000)
  eden space 85184K,   0% used [0x05000000, 0x05000000, 0x0a330000)
  from space 10624K,  49% used [0x0a330000, 0x0a857008, 0x0ad90000)
  to   space 10624K,   0% used [0x0ad90000, 0x0ad90000, 0x0b7f0000)
 tenured generation   total 212704K, used 207933K [0x0faa0000, 0x1ca58000, 0x25000000)
   the space 212704K,  97% used [0x0faa0000, 0x1c5af4a0, 0x1c5af600, 0x1ca58000)
 Metaspace       used 23405K, capacity 23949K, committed 24064K, reserved 24960K
}
Event: 4023.919 GC heap before
{Heap before GC invocations=35 (full 3):
 def new generation   total 95808K, used 90460K [0x05000000, 0x0b7f0000, 0x0faa0000)
  eden space 85184K, 100% used [0x05000000, 0x0a330000, 0x0a330000)
  from space 10624K,  49% used [0x0a330000, 0x0a857008, 0x0ad90000)
  to   space 10624K,   0% used [0x0ad90000, 0x0ad90000, 0x0b7f0000)
 tenured generation   total 212704K, used 207933K [0x0faa0000, 0x1ca58000, 0x25000000)
   the space 212704K,  97% used [0x0faa0000, 0x1c5af4a0, 0x1c5af600, 0x1ca58000)
 Metaspace       used 23405K, capacity 23949K, committed 24064K, reserved 24960K
Event: 4023.951 GC heap after
Heap after GC invocations=36 (full 3):
 def new generation   total 95808K, used 9938K [0x05000000, 0x0b7f0000, 0x0faa0000)
  eden space 85184K,   0% used [0x05000000, 0x05000000, 0x0a330000)
  from space 10624K,  93% used [0x0ad90000, 0x0b744bb8, 0x0b7f0000)
  to   space 10624K,   0% used [0x0a330000, 0x0a330000, 0x0ad90000)
 tenured generation   total 212704K, used 207933K [0x0faa0000, 0x1ca58000, 0x25000000)
   the space 212704K,  97% used [0x0faa0000, 0x1c5af4a0, 0x1c5af600, 0x1ca58000)
 Metaspace       used 23405K, capacity 23949K, committed 24064K, reserved 24960K
}
Event: 4123.549 GC heap before
{Heap before GC invocations=36 (full 3):
 def new generation   total 95808K, used 94896K [0x05000000, 0x0b7f0000, 0x0faa0000)
  eden space 85184K,  99% used [0x05000000, 0x0a2f76e8, 0x0a330000)
  from space 10624K,  93% used [0x0ad90000, 0x0b744bb8, 0x0b7f0000)
  to   space 10624K,   0% used [0x0a330000, 0x0a330000, 0x0ad90000)
 tenured generation   total 212704K, used 207933K [0x0faa0000, 0x1ca58000, 0x25000000)
   the space 212704K,  97% used [0x0faa0000, 0x1c5af4a0, 0x1c5af600, 0x1ca58000)
 Metaspace       used 23407K, capacity 23954K, committed 24064K, reserved 24960K
Event: 4123.574 GC heap after
Heap after GC invocations=37 (full 3):
 def new generation   total 95808K, used 9205K [0x05000000, 0x0b7f0000, 0x0faa0000)
  eden space 85184K,   0% used [0x05000000, 0x05000000, 0x0a330000)
  from space 10624K,  86% used [0x0a330000, 0x0ac2d6d0, 0x0ad90000)
  to   space 10624K,   0% used [0x0ad90000, 0x0ad90000, 0x0b7f0000)
 tenured generation   total 212704K, used 212345K [0x0faa0000, 0x1ca58000, 0x25000000)
   the space 212704K,  99% used [0x0faa0000, 0x1c9fe6b8, 0x1c9fe800, 0x1ca58000)
 Metaspace       used 23407K, capacity 23954K, committed 24064K, reserved 24960K
}
Event: 4125.262 GC heap before
{Heap before GC invocations=37 (full 3):
 def new generation   total 95808K, used 94050K [0x05000000, 0x0b7f0000, 0x0faa0000)
  eden space 85184K,  99% used [0x05000000, 0x0a2db2f8, 0x0a330000)
  from space 10624K,  86% used [0x0a330000, 0x0ac2d6d0, 0x0ad90000)
  to   space 10624K,   0% used [0x0ad90000, 0x0ad90000, 0x0b7f0000)
 tenured generation   total 212704K, used 212345K [0x0faa0000, 0x1ca58000, 0x25000000)
   the space 212704K,  99% used [0x0faa0000, 0x1c9fe6b8, 0x1c9fe800, 0x1ca58000)
 Metaspace       used 23407K, capacity 23954K, committed 24064K, reserved 24960K
Event: 4125.875 GC heap after
Heap after GC invocations=38 (full 4):
 def new generation   total 96768K, used 0K [0x05000000, 0x0b900000, 0x0faa0000)
  eden space 86016K,   0% used [0x05000000, 0x05000000, 0x0a400000)
  from space 10752K,   0% used [0x0a400000, 0x0a400000, 0x0ae80000)
  to   space 10752K,   0% used [0x0ae80000, 0x0ae80000, 0x0b900000)
 tenured generation   total 214992K, used 128993K [0x0faa0000, 0x1cc94000, 0x25000000)
   the space 214992K,  59% used [0x0faa0000, 0x17898768, 0x17898800, 0x1cc94000)
 Metaspace       used 23349K, capacity 23872K, committed 24064K, reserved 24960K
}

